2024-01-05T09:58:44.470+05:30  INFO 17644 --- [restartedMain] com.Airport.AirportApiApplication        : Starting AirportApiApplication using Java 17.0.9 with PID 17644 (C:\Users\abhishek_pola\Documents\workspace-spring-tool-suite-4-4.21.0.RELEASE\AirportAPI\target\classes started by abhishek_pola in C:\Users\abhishek_pola\Documents\workspace-spring-tool-suite-4-4.21.0.RELEASE\AirportAPI)
2024-01-05T09:58:44.473+05:30  INFO 17644 --- [restartedMain] com.Airport.AirportApiApplication        : No active profile set, falling back to 1 default profile: "default"
2024-01-05T09:58:44.573+05:30  INFO 17644 --- [restartedMain] .e.DevToolsPropertyDefaultsPostProcessor : Devtools property defaults active! Set 'spring.devtools.add-properties' to 'false' to disable
2024-01-05T09:58:44.574+05:30  INFO 17644 --- [restartedMain] .e.DevToolsPropertyDefaultsPostProcessor : For additional web related logging consider setting the 'logging.level.web' property to 'DEBUG'
2024-01-05T09:58:45.849+05:30  INFO 17644 --- [restartedMain] .s.d.r.c.RepositoryConfigurationDelegate : Bootstrapping Spring Data JPA repositories in DEFAULT mode.
2024-01-05T09:58:45.958+05:30  INFO 17644 --- [restartedMain] .s.d.r.c.RepositoryConfigurationDelegate : Finished Spring Data repository scanning in 96 ms. Found 1 JPA repository interface.
2024-01-05T09:58:47.010+05:30  INFO 17644 --- [restartedMain] o.s.b.w.embedded.tomcat.TomcatWebServer  : Tomcat initialized with port 11478 (http)
2024-01-05T09:58:47.040+05:30  INFO 17644 --- [restartedMain] o.apache.catalina.core.StandardService   : Starting service [Tomcat]
2024-01-05T09:58:47.041+05:30  INFO 17644 --- [restartedMain] o.apache.catalina.core.StandardEngine    : Starting Servlet engine: [Apache Tomcat/10.1.17]
2024-01-05T09:58:47.154+05:30  INFO 17644 --- [restartedMain] o.a.c.c.C.[Tomcat].[localhost].[/]       : Initializing Spring embedded WebApplicationContext
2024-01-05T09:58:47.154+05:30  INFO 17644 --- [restartedMain] w.s.c.ServletWebServerApplicationContext : Root WebApplicationContext: initialization completed in 2579 ms
2024-01-05T09:58:47.204+05:30  INFO 17644 --- [restartedMain] com.zaxxer.hikari.HikariDataSource       : HikariPool-1 - Starting...
2024-01-05T09:58:47.487+05:30  INFO 17644 --- [restartedMain] com.zaxxer.hikari.pool.HikariPool        : HikariPool-1 - Added connection conn0: url=jdbc:h2:file:./abhi user=ABHISHEK
2024-01-05T09:58:47.489+05:30  INFO 17644 --- [restartedMain] com.zaxxer.hikari.HikariDataSource       : HikariPool-1 - Start completed.
2024-01-05T09:58:47.503+05:30  INFO 17644 --- [restartedMain] o.s.b.a.h2.H2ConsoleAutoConfiguration    : H2 console available at '/h2'. Database available at 'jdbc:h2:file:./abhi'
2024-01-05T09:58:47.705+05:30  INFO 17644 --- [restartedMain] o.hibernate.jpa.internal.util.LogHelper  : HHH000204: Processing PersistenceUnitInfo [name: default]
2024-01-05T09:58:50.622+05:30  INFO 17644 --- [restartedMain] org.hibernate.Version                    : HHH000412: Hibernate ORM core version 6.4.1.Final
2024-01-05T09:58:50.682+05:30  INFO 17644 --- [restartedMain] o.h.c.internal.RegionFactoryInitiator    : HHH000026: Second-level cache disabled
2024-01-05T09:58:51.165+05:30  INFO 17644 --- [restartedMain] o.s.o.j.p.SpringPersistenceUnitInfo      : No LoadTimeWeaver setup: ignoring JPA class transformer
2024-01-05T09:58:51.267+05:30  WARN 17644 --- [restartedMain] org.hibernate.orm.deprecation            : HHH90000025: H2Dialect does not need to be specified explicitly using 'hibernate.dialect' (remove the property setting and it will be selected by default)
2024-01-05T09:58:52.390+05:30  INFO 17644 --- [restartedMain] o.h.e.t.j.p.i.JtaPlatformInitiator       : HHH000489: No JTA platform available (set 'hibernate.transaction.jta.platform' to enable JTA platform integration)
2024-01-05T09:58:52.441+05:30  INFO 17644 --- [restartedMain] j.LocalContainerEntityManagerFactoryBean : Initialized JPA EntityManagerFactory for persistence unit 'default'
2024-01-05T09:58:53.410+05:30  WARN 17644 --- [restartedMain] JpaBaseConfiguration$JpaWebConfiguration : spring.jpa.open-in-view is enabled by default. Therefore, database queries may be performed during view rendering. Explicitly configure spring.jpa.open-in-view to disable this warning
2024-01-05T09:58:54.059+05:30  INFO 17644 --- [restartedMain] o.s.b.d.a.OptionalLiveReloadServer       : LiveReload server is running on port 35729
2024-01-05T09:58:54.121+05:30  INFO 17644 --- [restartedMain] o.s.b.w.embedded.tomcat.TomcatWebServer  : Tomcat started on port 11478 (http) with context path ''
2024-01-05T09:58:54.144+05:30  INFO 17644 --- [restartedMain] com.Airport.AirportApiApplication        : Started AirportApiApplication in 10.311 seconds (process running for 11.685)
2024-01-05T09:59:43.669+05:30  INFO 17644 --- [http-nio-11478-exec-2] o.a.c.c.C.[Tomcat].[localhost].[/]       : Initializing Spring DispatcherServlet 'dispatcherServlet'
2024-01-05T09:59:43.670+05:30  INFO 17644 --- [http-nio-11478-exec-2] o.s.web.servlet.DispatcherServlet        : Initializing Servlet 'dispatcherServlet'
2024-01-05T09:59:43.671+05:30  INFO 17644 --- [http-nio-11478-exec-2] o.s.web.servlet.DispatcherServlet        : Completed initialization in 1 ms
2024-01-05T09:59:43.725+05:30  INFO 17644 --- [http-nio-11478-exec-2] c.Airport.Controller.AirportController   : Fetching all airport details.
2024-01-05T09:59:43.725+05:30  INFO 17644 --- [http-nio-11478-exec-2] c.A.S.AirportServiceImplementation       : Fetching all airports from the repository.
2024-01-05T09:59:47.778+05:30  INFO 17644 --- [http-nio-11478-exec-3] c.Airport.Controller.AirportController   : creating all airport details.
2024-01-05T09:59:48.096+05:30  INFO 17644 --- [http-nio-11478-exec-3] c.A.S.AirportServiceImplementation       : Creating airport...
2024-01-05T09:59:50.315+05:30  INFO 17644 --- [http-nio-11478-exec-4] c.Airport.Controller.AirportController   : creating all airport details.
2024-01-05T09:59:50.317+05:30 ERROR 17644 --- [http-nio-11478-exec-4] c.A.S.AirportServiceImplementation       : Airport is already Exists
2024-01-05T09:59:54.573+05:30  INFO 17644 --- [http-nio-11478-exec-5] c.Airport.Controller.AirportController   : Fetching all airport details.
2024-01-05T09:59:54.574+05:30  INFO 17644 --- [http-nio-11478-exec-5] c.A.S.AirportServiceImplementation       : Fetching all airports from the repository.
2024-01-05T10:03:16.991+05:30  INFO 17644 --- [File Watcher] rtingClassPathChangeChangedEventListener : Restarting due to 1 class path change (0 additions, 0 deletions, 1 modification)
2024-01-05T10:03:17.020+05:30  INFO 17644 --- [Thread-6] j.LocalContainerEntityManagerFactoryBean : Closing JPA EntityManagerFactory for persistence unit 'default'
2024-01-05T10:03:17.024+05:30  INFO 17644 --- [Thread-6] com.zaxxer.hikari.HikariDataSource       : HikariPool-1 - Shutdown initiated...
2024-01-05T10:03:17.026+05:30  INFO 17644 --- [Thread-6] com.zaxxer.hikari.HikariDataSource       : HikariPool-1 - Shutdown completed.
2024-01-05T10:03:17.541+05:30  INFO 17644 --- [restartedMain] com.Airport.AirportApiApplication        : Starting AirportApiApplication using Java 17.0.9 with PID 17644 (C:\Users\abhishek_pola\Documents\workspace-spring-tool-suite-4-4.21.0.RELEASE\AirportAPI\target\classes started by abhishek_pola in C:\Users\abhishek_pola\Documents\workspace-spring-tool-suite-4-4.21.0.RELEASE\AirportAPI)
2024-01-05T10:03:17.543+05:30  INFO 17644 --- [restartedMain] com.Airport.AirportApiApplication        : No active profile set, falling back to 1 default profile: "default"
2024-01-05T10:03:17.927+05:30  INFO 17644 --- [restartedMain] .s.d.r.c.RepositoryConfigurationDelegate : Bootstrapping Spring Data JPA repositories in DEFAULT mode.
2024-01-05T10:03:17.945+05:30  INFO 17644 --- [restartedMain] .s.d.r.c.RepositoryConfigurationDelegate : Finished Spring Data repository scanning in 17 ms. Found 1 JPA repository interface.
2024-01-05T10:03:18.195+05:30  INFO 17644 --- [restartedMain] o.s.b.w.embedded.tomcat.TomcatWebServer  : Tomcat initialized with port 11478 (http)
2024-01-05T10:03:18.198+05:30  INFO 17644 --- [restartedMain] o.apache.catalina.core.StandardService   : Starting service [Tomcat]
2024-01-05T10:03:18.199+05:30  INFO 17644 --- [restartedMain] o.apache.catalina.core.StandardEngine    : Starting Servlet engine: [Apache Tomcat/10.1.17]
2024-01-05T10:03:18.243+05:30  INFO 17644 --- [restartedMain] o.a.c.c.C.[Tomcat].[localhost].[/]       : Initializing Spring embedded WebApplicationContext
2024-01-05T10:03:18.243+05:30  INFO 17644 --- [restartedMain] w.s.c.ServletWebServerApplicationContext : Root WebApplicationContext: initialization completed in 696 ms
2024-01-05T10:03:18.259+05:30  INFO 17644 --- [restartedMain] com.zaxxer.hikari.HikariDataSource       : HikariPool-2 - Starting...
2024-01-05T10:03:18.290+05:30  INFO 17644 --- [restartedMain] com.zaxxer.hikari.pool.HikariPool        : HikariPool-2 - Added connection conn11: url=jdbc:h2:file:./abhi user=ABHISHEK
2024-01-05T10:03:18.290+05:30  INFO 17644 --- [restartedMain] com.zaxxer.hikari.HikariDataSource       : HikariPool-2 - Start completed.
2024-01-05T10:03:18.290+05:30  INFO 17644 --- [restartedMain] o.s.b.a.h2.H2ConsoleAutoConfiguration    : H2 console available at '/h2'. Database available at 'jdbc:h2:file:./abhi'
2024-01-05T10:03:18.324+05:30  INFO 17644 --- [restartedMain] o.hibernate.jpa.internal.util.LogHelper  : HHH000204: Processing PersistenceUnitInfo [name: default]
2024-01-05T10:03:18.329+05:30  INFO 17644 --- [restartedMain] o.h.c.internal.RegionFactoryInitiator    : HHH000026: Second-level cache disabled
2024-01-05T10:03:18.336+05:30  INFO 17644 --- [restartedMain] o.s.o.j.p.SpringPersistenceUnitInfo      : No LoadTimeWeaver setup: ignoring JPA class transformer
2024-01-05T10:03:18.340+05:30  WARN 17644 --- [restartedMain] org.hibernate.orm.deprecation            : HHH90000025: H2Dialect does not need to be specified explicitly using 'hibernate.dialect' (remove the property setting and it will be selected by default)
2024-01-05T10:03:18.401+05:30  INFO 17644 --- [restartedMain] o.h.e.t.j.p.i.JtaPlatformInitiator       : HHH000489: No JTA platform available (set 'hibernate.transaction.jta.platform' to enable JTA platform integration)
2024-01-05T10:03:18.410+05:30  INFO 17644 --- [restartedMain] j.LocalContainerEntityManagerFactoryBean : Initialized JPA EntityManagerFactory for persistence unit 'default'
2024-01-05T10:03:18.515+05:30  WARN 17644 --- [restartedMain] JpaBaseConfiguration$JpaWebConfiguration : spring.jpa.open-in-view is enabled by default. Therefore, database queries may be performed during view rendering. Explicitly configure spring.jpa.open-in-view to disable this warning
2024-01-05T10:03:18.648+05:30  INFO 17644 --- [restartedMain] o.s.b.d.a.OptionalLiveReloadServer       : LiveReload server is running on port 35729
2024-01-05T10:03:18.666+05:30  INFO 17644 --- [restartedMain] o.s.b.w.embedded.tomcat.TomcatWebServer  : Tomcat started on port 11478 (http) with context path ''
2024-01-05T10:03:18.683+05:30  INFO 17644 --- [restartedMain] com.Airport.AirportApiApplication        : Started AirportApiApplication in 1.182 seconds (process running for 276.222)
2024-01-05T10:03:18.693+05:30  INFO 17644 --- [restartedMain] .ConditionEvaluationDeltaLoggingListener : Condition evaluation unchanged
2024-01-05T10:03:53.892+05:30  INFO 17644 --- [http-nio-11478-exec-9] o.a.c.c.C.[Tomcat].[localhost].[/]       : Initializing Spring DispatcherServlet 'dispatcherServlet'
2024-01-05T10:03:53.892+05:30  INFO 17644 --- [http-nio-11478-exec-9] o.s.web.servlet.DispatcherServlet        : Initializing Servlet 'dispatcherServlet'
2024-01-05T10:03:53.893+05:30  INFO 17644 --- [http-nio-11478-exec-9] o.s.web.servlet.DispatcherServlet        : Completed initialization in 1 ms
2024-01-05T10:03:53.896+05:30  INFO 17644 --- [http-nio-11478-exec-9] c.Airport.Controller.AirportController   : Fetching all airport details.
2024-01-05T10:03:53.896+05:30  INFO 17644 --- [http-nio-11478-exec-9] c.A.S.AirportServiceImplementation       : Fetching all airports from the repository.
2024-01-05T10:03:56.945+05:30  INFO 17644 --- [http-nio-11478-exec-2] c.Airport.Controller.AirportController   : creating all airport details.
2024-01-05T10:03:56.948+05:30  INFO 17644 --- [http-nio-11478-exec-2] c.A.S.AirportServiceImplementation       : Creating airport...
2024-01-05T10:03:59.575+05:30  INFO 17644 --- [http-nio-11478-exec-3] c.Airport.Controller.AirportController   : Fetching all airport details.
2024-01-05T10:03:59.576+05:30  INFO 17644 --- [http-nio-11478-exec-3] c.A.S.AirportServiceImplementation       : Fetching all airports from the repository.
2024-01-05T10:04:08.338+05:30  INFO 17644 --- [File Watcher] rtingClassPathChangeChangedEventListener : Restarting due to 1 class path change (0 additions, 0 deletions, 1 modification)
2024-01-05T10:04:08.371+05:30  INFO 17644 --- [Thread-8] j.LocalContainerEntityManagerFactoryBean : Closing JPA EntityManagerFactory for persistence unit 'default'
2024-01-05T10:04:08.372+05:30  INFO 17644 --- [Thread-8] com.zaxxer.hikari.HikariDataSource       : HikariPool-2 - Shutdown initiated...
2024-01-05T10:04:08.373+05:30  INFO 17644 --- [Thread-8] com.zaxxer.hikari.HikariDataSource       : HikariPool-2 - Shutdown completed.
2024-01-05T10:04:08.734+05:30  INFO 17644 --- [restartedMain] com.Airport.AirportApiApplication        : Starting AirportApiApplication using Java 17.0.9 with PID 17644 (C:\Users\abhishek_pola\Documents\workspace-spring-tool-suite-4-4.21.0.RELEASE\AirportAPI\target\classes started by abhishek_pola in C:\Users\abhishek_pola\Documents\workspace-spring-tool-suite-4-4.21.0.RELEASE\AirportAPI)
2024-01-05T10:04:08.735+05:30  INFO 17644 --- [restartedMain] com.Airport.AirportApiApplication        : No active profile set, falling back to 1 default profile: "default"
2024-01-05T10:04:09.097+05:30  INFO 17644 --- [restartedMain] .s.d.r.c.RepositoryConfigurationDelegate : Bootstrapping Spring Data JPA repositories in DEFAULT mode.
2024-01-05T10:04:09.112+05:30  INFO 17644 --- [restartedMain] .s.d.r.c.RepositoryConfigurationDelegate : Finished Spring Data repository scanning in 14 ms. Found 1 JPA repository interface.
2024-01-05T10:04:09.245+05:30  INFO 17644 --- [restartedMain] o.s.b.w.embedded.tomcat.TomcatWebServer  : Tomcat initialized with port 11478 (http)
2024-01-05T10:04:09.250+05:30  INFO 17644 --- [restartedMain] o.apache.catalina.core.StandardService   : Starting service [Tomcat]
2024-01-05T10:04:09.250+05:30  INFO 17644 --- [restartedMain] o.apache.catalina.core.StandardEngine    : Starting Servlet engine: [Apache Tomcat/10.1.17]
2024-01-05T10:04:09.308+05:30  INFO 17644 --- [restartedMain] o.a.c.c.C.[Tomcat].[localhost].[/]       : Initializing Spring embedded WebApplicationContext
2024-01-05T10:04:09.309+05:30  INFO 17644 --- [restartedMain] w.s.c.ServletWebServerApplicationContext : Root WebApplicationContext: initialization completed in 569 ms
2024-01-05T10:04:09.328+05:30  INFO 17644 --- [restartedMain] com.zaxxer.hikari.HikariDataSource       : HikariPool-3 - Starting...
2024-01-05T10:04:09.365+05:30  INFO 17644 --- [restartedMain] com.zaxxer.hikari.pool.HikariPool        : HikariPool-3 - Added connection conn22: url=jdbc:h2:file:./abhi user=ABHISHEK
2024-01-05T10:04:09.366+05:30  INFO 17644 --- [restartedMain] com.zaxxer.hikari.HikariDataSource       : HikariPool-3 - Start completed.
2024-01-05T10:04:09.366+05:30  INFO 17644 --- [restartedMain] o.s.b.a.h2.H2ConsoleAutoConfiguration    : H2 console available at '/h2'. Database available at 'jdbc:h2:file:./abhi'
2024-01-05T10:04:09.452+05:30  INFO 17644 --- [restartedMain] o.hibernate.jpa.internal.util.LogHelper  : HHH000204: Processing PersistenceUnitInfo [name: default]
2024-01-05T10:04:09.462+05:30  INFO 17644 --- [restartedMain] o.h.c.internal.RegionFactoryInitiator    : HHH000026: Second-level cache disabled
2024-01-05T10:04:09.470+05:30  INFO 17644 --- [restartedMain] o.s.o.j.p.SpringPersistenceUnitInfo      : No LoadTimeWeaver setup: ignoring JPA class transformer
2024-01-05T10:04:09.474+05:30  WARN 17644 --- [restartedMain] org.hibernate.orm.deprecation            : HHH90000025: H2Dialect does not need to be specified explicitly using 'hibernate.dialect' (remove the property setting and it will be selected by default)
2024-01-05T10:04:09.545+05:30  INFO 17644 --- [restartedMain] o.h.e.t.j.p.i.JtaPlatformInitiator       : HHH000489: No JTA platform available (set 'hibernate.transaction.jta.platform' to enable JTA platform integration)
2024-01-05T10:04:09.567+05:30  INFO 17644 --- [restartedMain] j.LocalContainerEntityManagerFactoryBean : Initialized JPA EntityManagerFactory for persistence unit 'default'
2024-01-05T10:04:09.655+05:30  WARN 17644 --- [restartedMain] JpaBaseConfiguration$JpaWebConfiguration : spring.jpa.open-in-view is enabled by default. Therefore, database queries may be performed during view rendering. Explicitly configure spring.jpa.open-in-view to disable this warning
2024-01-05T10:04:09.773+05:30  INFO 17644 --- [restartedMain] o.s.b.d.a.OptionalLiveReloadServer       : LiveReload server is running on port 35729
2024-01-05T10:04:09.787+05:30  INFO 17644 --- [restartedMain] o.s.b.w.embedded.tomcat.TomcatWebServer  : Tomcat started on port 11478 (http) with context path ''
2024-01-05T10:04:09.794+05:30  INFO 17644 --- [restartedMain] com.Airport.AirportApiApplication        : Started AirportApiApplication in 1.093 seconds (process running for 327.332)
2024-01-05T10:04:09.797+05:30  INFO 17644 --- [restartedMain] .ConditionEvaluationDeltaLoggingListener : Condition evaluation unchanged
2024-01-05T10:04:28.846+05:30  INFO 17644 --- [http-nio-11478-exec-9] o.a.c.c.C.[Tomcat].[localhost].[/]       : Initializing Spring DispatcherServlet 'dispatcherServlet'
2024-01-05T10:04:28.846+05:30  INFO 17644 --- [http-nio-11478-exec-9] o.s.web.servlet.DispatcherServlet        : Initializing Servlet 'dispatcherServlet'
2024-01-05T10:04:28.847+05:30  INFO 17644 --- [http-nio-11478-exec-9] o.s.web.servlet.DispatcherServlet        : Completed initialization in 1 ms
2024-01-05T10:04:28.849+05:30  INFO 17644 --- [http-nio-11478-exec-9] c.Airport.Controller.AirportController   : Fetching all airport details.
2024-01-05T10:04:28.849+05:30  INFO 17644 --- [http-nio-11478-exec-9] c.A.S.AirportServiceImplementation       : Fetching all airports from the repository.
2024-01-05T10:05:11.137+05:30  INFO 17644 --- [File Watcher] rtingClassPathChangeChangedEventListener : Restarting due to 1 class path change (0 additions, 0 deletions, 1 modification)
2024-01-05T10:05:11.160+05:30  INFO 17644 --- [Thread-12] j.LocalContainerEntityManagerFactoryBean : Closing JPA EntityManagerFactory for persistence unit 'default'
2024-01-05T10:05:11.162+05:30  INFO 17644 --- [Thread-12] com.zaxxer.hikari.HikariDataSource       : HikariPool-3 - Shutdown initiated...
2024-01-05T10:05:11.163+05:30  INFO 17644 --- [Thread-12] com.zaxxer.hikari.HikariDataSource       : HikariPool-3 - Shutdown completed.
2024-01-05T10:05:11.384+05:30  INFO 17644 --- [restartedMain] com.Airport.AirportApiApplication        : Starting AirportApiApplication using Java 17.0.9 with PID 17644 (C:\Users\abhishek_pola\Documents\workspace-spring-tool-suite-4-4.21.0.RELEASE\AirportAPI\target\classes started by abhishek_pola in C:\Users\abhishek_pola\Documents\workspace-spring-tool-suite-4-4.21.0.RELEASE\AirportAPI)
2024-01-05T10:05:11.386+05:30  INFO 17644 --- [restartedMain] com.Airport.AirportApiApplication        : No active profile set, falling back to 1 default profile: "default"
2024-01-05T10:05:11.830+05:30  INFO 17644 --- [restartedMain] .s.d.r.c.RepositoryConfigurationDelegate : Bootstrapping Spring Data JPA repositories in DEFAULT mode.
2024-01-05T10:05:11.846+05:30  INFO 17644 --- [restartedMain] .s.d.r.c.RepositoryConfigurationDelegate : Finished Spring Data repository scanning in 14 ms. Found 1 JPA repository interface.
2024-01-05T10:05:11.951+05:30  INFO 17644 --- [restartedMain] o.s.b.w.embedded.tomcat.TomcatWebServer  : Tomcat initialized with port 11478 (http)
2024-01-05T10:05:11.956+05:30  INFO 17644 --- [restartedMain] o.apache.catalina.core.StandardService   : Starting service [Tomcat]
2024-01-05T10:05:11.957+05:30  INFO 17644 --- [restartedMain] o.apache.catalina.core.StandardEngine    : Starting Servlet engine: [Apache Tomcat/10.1.17]
2024-01-05T10:05:12.003+05:30  INFO 17644 --- [restartedMain] o.a.c.c.C.[Tomcat].[localhost].[/]       : Initializing Spring embedded WebApplicationContext
2024-01-05T10:05:12.004+05:30  INFO 17644 --- [restartedMain] w.s.c.ServletWebServerApplicationContext : Root WebApplicationContext: initialization completed in 605 ms
2024-01-05T10:05:12.017+05:30  INFO 17644 --- [restartedMain] com.zaxxer.hikari.HikariDataSource       : HikariPool-4 - Starting...
2024-01-05T10:05:12.046+05:30  INFO 17644 --- [restartedMain] com.zaxxer.hikari.pool.HikariPool        : HikariPool-4 - Added connection conn33: url=jdbc:h2:file:./abhi user=ABHISHEK
2024-01-05T10:05:12.047+05:30  INFO 17644 --- [restartedMain] com.zaxxer.hikari.HikariDataSource       : HikariPool-4 - Start completed.
2024-01-05T10:05:12.048+05:30  INFO 17644 --- [restartedMain] o.s.b.a.h2.H2ConsoleAutoConfiguration    : H2 console available at '/h2'. Database available at 'jdbc:h2:file:./abhi'
2024-01-05T10:05:12.078+05:30  INFO 17644 --- [restartedMain] o.hibernate.jpa.internal.util.LogHelper  : HHH000204: Processing PersistenceUnitInfo [name: default]
2024-01-05T10:05:12.082+05:30  INFO 17644 --- [restartedMain] o.h.c.internal.RegionFactoryInitiator    : HHH000026: Second-level cache disabled
2024-01-05T10:05:12.089+05:30  INFO 17644 --- [restartedMain] o.s.o.j.p.SpringPersistenceUnitInfo      : No LoadTimeWeaver setup: ignoring JPA class transformer
2024-01-05T10:05:12.092+05:30  WARN 17644 --- [restartedMain] org.hibernate.orm.deprecation            : HHH90000025: H2Dialect does not need to be specified explicitly using 'hibernate.dialect' (remove the property setting and it will be selected by default)
2024-01-05T10:05:12.119+05:30  INFO 17644 --- [restartedMain] o.h.e.t.j.p.i.JtaPlatformInitiator       : HHH000489: No JTA platform available (set 'hibernate.transaction.jta.platform' to enable JTA platform integration)
2024-01-05T10:05:12.122+05:30  INFO 17644 --- [restartedMain] j.LocalContainerEntityManagerFactoryBean : Initialized JPA EntityManagerFactory for persistence unit 'default'
2024-01-05T10:05:12.217+05:30  WARN 17644 --- [restartedMain] JpaBaseConfiguration$JpaWebConfiguration : spring.jpa.open-in-view is enabled by default. Therefore, database queries may be performed during view rendering. Explicitly configure spring.jpa.open-in-view to disable this warning
2024-01-05T10:05:12.331+05:30  INFO 17644 --- [restartedMain] o.s.b.d.a.OptionalLiveReloadServer       : LiveReload server is running on port 35729
2024-01-05T10:05:12.348+05:30  INFO 17644 --- [restartedMain] o.s.b.w.embedded.tomcat.TomcatWebServer  : Tomcat started on port 11478 (http) with context path ''
2024-01-05T10:05:12.351+05:30  INFO 17644 --- [restartedMain] com.Airport.AirportApiApplication        : Started AirportApiApplication in 1.019 seconds (process running for 389.889)
2024-01-05T10:05:12.352+05:30  INFO 17644 --- [restartedMain] .ConditionEvaluationDeltaLoggingListener : Condition evaluation unchanged
2024-01-05T10:05:29.544+05:30  INFO 17644 --- [File Watcher] rtingClassPathChangeChangedEventListener : Restarting due to 1 class path change (0 additions, 0 deletions, 1 modification)
2024-01-05T10:05:29.563+05:30  INFO 17644 --- [Thread-16] j.LocalContainerEntityManagerFactoryBean : Closing JPA EntityManagerFactory for persistence unit 'default'
2024-01-05T10:05:29.565+05:30  INFO 17644 --- [Thread-16] com.zaxxer.hikari.HikariDataSource       : HikariPool-4 - Shutdown initiated...
2024-01-05T10:05:29.827+05:30  INFO 17644 --- [Thread-16] com.zaxxer.hikari.HikariDataSource       : HikariPool-4 - Shutdown completed.
2024-01-05T10:05:29.935+05:30  INFO 17644 --- [restartedMain] com.Airport.AirportApiApplication        : Starting AirportApiApplication using Java 17.0.9 with PID 17644 (C:\Users\abhishek_pola\Documents\workspace-spring-tool-suite-4-4.21.0.RELEASE\AirportAPI\target\classes started by abhishek_pola in C:\Users\abhishek_pola\Documents\workspace-spring-tool-suite-4-4.21.0.RELEASE\AirportAPI)
2024-01-05T10:05:29.942+05:30  INFO 17644 --- [restartedMain] com.Airport.AirportApiApplication        : No active profile set, falling back to 1 default profile: "default"
2024-01-05T10:05:30.232+05:30  INFO 17644 --- [restartedMain] .s.d.r.c.RepositoryConfigurationDelegate : Bootstrapping Spring Data JPA repositories in DEFAULT mode.
2024-01-05T10:05:30.250+05:30  INFO 17644 --- [restartedMain] .s.d.r.c.RepositoryConfigurationDelegate : Finished Spring Data repository scanning in 16 ms. Found 1 JPA repository interface.
2024-01-05T10:05:30.361+05:30  INFO 17644 --- [restartedMain] o.s.b.w.embedded.tomcat.TomcatWebServer  : Tomcat initialized with port 11478 (http)
2024-01-05T10:05:30.363+05:30  INFO 17644 --- [restartedMain] o.apache.catalina.core.StandardService   : Starting service [Tomcat]
2024-01-05T10:05:30.363+05:30  INFO 17644 --- [restartedMain] o.apache.catalina.core.StandardEngine    : Starting Servlet engine: [Apache Tomcat/10.1.17]
2024-01-05T10:05:30.404+05:30  INFO 17644 --- [restartedMain] o.a.c.c.C.[Tomcat].[localhost].[/]       : Initializing Spring embedded WebApplicationContext
2024-01-05T10:05:30.404+05:30  INFO 17644 --- [restartedMain] w.s.c.ServletWebServerApplicationContext : Root WebApplicationContext: initialization completed in 460 ms
2024-01-05T10:05:30.417+05:30  INFO 17644 --- [restartedMain] com.zaxxer.hikari.HikariDataSource       : HikariPool-5 - Starting...
2024-01-05T10:05:30.443+05:30  INFO 17644 --- [restartedMain] com.zaxxer.hikari.pool.HikariPool        : HikariPool-5 - Added connection conn43: url=jdbc:h2:file:./abhi user=ABHISHEK
2024-01-05T10:05:30.444+05:30  INFO 17644 --- [restartedMain] com.zaxxer.hikari.HikariDataSource       : HikariPool-5 - Start completed.
2024-01-05T10:05:30.444+05:30  INFO 17644 --- [restartedMain] o.s.b.a.h2.H2ConsoleAutoConfiguration    : H2 console available at '/h2'. Database available at 'jdbc:h2:file:./abhi'
2024-01-05T10:05:30.467+05:30  INFO 17644 --- [restartedMain] o.hibernate.jpa.internal.util.LogHelper  : HHH000204: Processing PersistenceUnitInfo [name: default]
2024-01-05T10:05:30.473+05:30  INFO 17644 --- [restartedMain] o.h.c.internal.RegionFactoryInitiator    : HHH000026: Second-level cache disabled
2024-01-05T10:05:30.479+05:30  INFO 17644 --- [restartedMain] o.s.o.j.p.SpringPersistenceUnitInfo      : No LoadTimeWeaver setup: ignoring JPA class transformer
2024-01-05T10:05:30.482+05:30  WARN 17644 --- [restartedMain] org.hibernate.orm.deprecation            : HHH90000025: H2Dialect does not need to be specified explicitly using 'hibernate.dialect' (remove the property setting and it will be selected by default)
2024-01-05T10:05:30.513+05:30  INFO 17644 --- [restartedMain] o.h.e.t.j.p.i.JtaPlatformInitiator       : HHH000489: No JTA platform available (set 'hibernate.transaction.jta.platform' to enable JTA platform integration)
2024-01-05T10:05:30.515+05:30  INFO 17644 --- [restartedMain] j.LocalContainerEntityManagerFactoryBean : Initialized JPA EntityManagerFactory for persistence unit 'default'
2024-01-05T10:05:30.598+05:30  WARN 17644 --- [restartedMain] JpaBaseConfiguration$JpaWebConfiguration : spring.jpa.open-in-view is enabled by default. Therefore, database queries may be performed during view rendering. Explicitly configure spring.jpa.open-in-view to disable this warning
2024-01-05T10:05:30.701+05:30  INFO 17644 --- [restartedMain] o.s.b.d.a.OptionalLiveReloadServer       : LiveReload server is running on port 35729
2024-01-05T10:05:30.713+05:30  INFO 17644 --- [restartedMain] o.s.b.w.embedded.tomcat.TomcatWebServer  : Tomcat started on port 11478 (http) with context path ''
2024-01-05T10:05:30.718+05:30  INFO 17644 --- [restartedMain] com.Airport.AirportApiApplication        : Started AirportApiApplication in 0.829 seconds (process running for 408.256)
2024-01-05T10:05:30.719+05:30  INFO 17644 --- [restartedMain] .ConditionEvaluationDeltaLoggingListener : Condition evaluation unchanged
2024-01-05T10:05:35.802+05:30  INFO 17644 --- [File Watcher] rtingClassPathChangeChangedEventListener : Restarting due to 1 class path change (0 additions, 0 deletions, 1 modification)
2024-01-05T10:05:35.822+05:30  INFO 17644 --- [Thread-20] j.LocalContainerEntityManagerFactoryBean : Closing JPA EntityManagerFactory for persistence unit 'default'
2024-01-05T10:05:35.823+05:30  INFO 17644 --- [Thread-20] com.zaxxer.hikari.HikariDataSource       : HikariPool-5 - Shutdown initiated...
2024-01-05T10:05:36.104+05:30  INFO 17644 --- [Thread-20] com.zaxxer.hikari.HikariDataSource       : HikariPool-5 - Shutdown completed.
2024-01-05T10:05:36.196+05:30  INFO 17644 --- [restartedMain] com.Airport.AirportApiApplication        : Starting AirportApiApplication using Java 17.0.9 with PID 17644 (C:\Users\abhishek_pola\Documents\workspace-spring-tool-suite-4-4.21.0.RELEASE\AirportAPI\target\classes started by abhishek_pola in C:\Users\abhishek_pola\Documents\workspace-spring-tool-suite-4-4.21.0.RELEASE\AirportAPI)
2024-01-05T10:05:36.197+05:30  INFO 17644 --- [restartedMain] com.Airport.AirportApiApplication        : No active profile set, falling back to 1 default profile: "default"
2024-01-05T10:05:36.546+05:30  INFO 17644 --- [restartedMain] .s.d.r.c.RepositoryConfigurationDelegate : Bootstrapping Spring Data JPA repositories in DEFAULT mode.
2024-01-05T10:05:36.565+05:30  INFO 17644 --- [restartedMain] .s.d.r.c.RepositoryConfigurationDelegate : Finished Spring Data repository scanning in 18 ms. Found 1 JPA repository interface.
2024-01-05T10:05:36.711+05:30  INFO 17644 --- [restartedMain] o.s.b.w.embedded.tomcat.TomcatWebServer  : Tomcat initialized with port 11478 (http)
2024-01-05T10:05:36.714+05:30  INFO 17644 --- [restartedMain] o.apache.catalina.core.StandardService   : Starting service [Tomcat]
2024-01-05T10:05:36.714+05:30  INFO 17644 --- [restartedMain] o.apache.catalina.core.StandardEngine    : Starting Servlet engine: [Apache Tomcat/10.1.17]
2024-01-05T10:05:36.982+05:30  INFO 17644 --- [restartedMain] o.a.c.c.C.[Tomcat].[localhost].[/]       : Initializing Spring embedded WebApplicationContext
2024-01-05T10:05:36.982+05:30  INFO 17644 --- [restartedMain] w.s.c.ServletWebServerApplicationContext : Root WebApplicationContext: initialization completed in 782 ms
2024-01-05T10:05:37.001+05:30  INFO 17644 --- [restartedMain] com.zaxxer.hikari.HikariDataSource       : HikariPool-6 - Starting...
2024-01-05T10:05:37.071+05:30  INFO 17644 --- [restartedMain] com.zaxxer.hikari.pool.HikariPool        : HikariPool-6 - Added connection conn53: url=jdbc:h2:file:./abhi user=ABHISHEK
2024-01-05T10:05:37.072+05:30  INFO 17644 --- [restartedMain] com.zaxxer.hikari.HikariDataSource       : HikariPool-6 - Start completed.
2024-01-05T10:05:37.072+05:30  INFO 17644 --- [restartedMain] o.s.b.a.h2.H2ConsoleAutoConfiguration    : H2 console available at '/h2'. Database available at 'jdbc:h2:file:./abhi'
2024-01-05T10:05:37.100+05:30  INFO 17644 --- [restartedMain] o.hibernate.jpa.internal.util.LogHelper  : HHH000204: Processing PersistenceUnitInfo [name: default]
2024-01-05T10:05:37.104+05:30  INFO 17644 --- [restartedMain] o.h.c.internal.RegionFactoryInitiator    : HHH000026: Second-level cache disabled
2024-01-05T10:05:37.112+05:30  INFO 17644 --- [restartedMain] o.s.o.j.p.SpringPersistenceUnitInfo      : No LoadTimeWeaver setup: ignoring JPA class transformer
2024-01-05T10:05:37.114+05:30  WARN 17644 --- [restartedMain] org.hibernate.orm.deprecation            : HHH90000025: H2Dialect does not need to be specified explicitly using 'hibernate.dialect' (remove the property setting and it will be selected by default)
2024-01-05T10:05:37.148+05:30  INFO 17644 --- [restartedMain] o.h.e.t.j.p.i.JtaPlatformInitiator       : HHH000489: No JTA platform available (set 'hibernate.transaction.jta.platform' to enable JTA platform integration)
2024-01-05T10:05:37.150+05:30  INFO 17644 --- [restartedMain] j.LocalContainerEntityManagerFactoryBean : Initialized JPA EntityManagerFactory for persistence unit 'default'
2024-01-05T10:05:37.231+05:30  WARN 17644 --- [restartedMain] JpaBaseConfiguration$JpaWebConfiguration : spring.jpa.open-in-view is enabled by default. Therefore, database queries may be performed during view rendering. Explicitly configure spring.jpa.open-in-view to disable this warning
2024-01-05T10:05:37.324+05:30  INFO 17644 --- [restartedMain] o.s.b.d.a.OptionalLiveReloadServer       : LiveReload server is running on port 35729
2024-01-05T10:05:37.339+05:30  INFO 17644 --- [restartedMain] o.s.b.w.embedded.tomcat.TomcatWebServer  : Tomcat started on port 11478 (http) with context path ''
2024-01-05T10:05:37.344+05:30  INFO 17644 --- [restartedMain] com.Airport.AirportApiApplication        : Started AirportApiApplication in 1.183 seconds (process running for 414.881)
2024-01-05T10:05:37.349+05:30  INFO 17644 --- [restartedMain] .ConditionEvaluationDeltaLoggingListener : Condition evaluation unchanged
2024-01-05T10:10:01.490+05:30  INFO 17644 --- [File Watcher] rtingClassPathChangeChangedEventListener : Restarting due to 1 class path change (0 additions, 0 deletions, 1 modification)
2024-01-05T10:10:01.518+05:30  INFO 17644 --- [Thread-24] j.LocalContainerEntityManagerFactoryBean : Closing JPA EntityManagerFactory for persistence unit 'default'
2024-01-05T10:10:01.520+05:30  INFO 17644 --- [Thread-24] com.zaxxer.hikari.HikariDataSource       : HikariPool-6 - Shutdown initiated...
2024-01-05T10:10:01.833+05:30  INFO 17644 --- [Thread-24] com.zaxxer.hikari.HikariDataSource       : HikariPool-6 - Shutdown completed.
2024-01-05T10:10:01.970+05:30  INFO 17644 --- [restartedMain] com.Airport.AirportApiApplication        : Starting AirportApiApplication using Java 17.0.9 with PID 17644 (C:\Users\abhishek_pola\Documents\workspace-spring-tool-suite-4-4.21.0.RELEASE\AirportAPI\target\classes started by abhishek_pola in C:\Users\abhishek_pola\Documents\workspace-spring-tool-suite-4-4.21.0.RELEASE\AirportAPI)
2024-01-05T10:10:01.972+05:30  INFO 17644 --- [restartedMain] com.Airport.AirportApiApplication        : No active profile set, falling back to 1 default profile: "default"
2024-01-05T10:10:02.328+05:30  INFO 17644 --- [restartedMain] .s.d.r.c.RepositoryConfigurationDelegate : Bootstrapping Spring Data JPA repositories in DEFAULT mode.
2024-01-05T10:10:02.379+05:30  INFO 17644 --- [restartedMain] .s.d.r.c.RepositoryConfigurationDelegate : Finished Spring Data repository scanning in 49 ms. Found 1 JPA repository interface.
2024-01-05T10:10:02.493+05:30  INFO 17644 --- [restartedMain] o.s.b.w.embedded.tomcat.TomcatWebServer  : Tomcat initialized with port 11478 (http)
2024-01-05T10:10:02.498+05:30  INFO 17644 --- [restartedMain] o.apache.catalina.core.StandardService   : Starting service [Tomcat]
2024-01-05T10:10:02.498+05:30  INFO 17644 --- [restartedMain] o.apache.catalina.core.StandardEngine    : Starting Servlet engine: [Apache Tomcat/10.1.17]
2024-01-05T10:10:02.541+05:30  INFO 17644 --- [restartedMain] o.a.c.c.C.[Tomcat].[localhost].[/]       : Initializing Spring embedded WebApplicationContext
2024-01-05T10:10:02.541+05:30  INFO 17644 --- [restartedMain] w.s.c.ServletWebServerApplicationContext : Root WebApplicationContext: initialization completed in 564 ms
2024-01-05T10:10:02.553+05:30  INFO 17644 --- [restartedMain] com.zaxxer.hikari.HikariDataSource       : HikariPool-7 - Starting...
2024-01-05T10:10:02.576+05:30  INFO 17644 --- [restartedMain] com.zaxxer.hikari.pool.HikariPool        : HikariPool-7 - Added connection conn63: url=jdbc:h2:file:./abhi user=ABHISHEK
2024-01-05T10:10:02.577+05:30  INFO 17644 --- [restartedMain] com.zaxxer.hikari.HikariDataSource       : HikariPool-7 - Start completed.
2024-01-05T10:10:02.577+05:30  INFO 17644 --- [restartedMain] o.s.b.a.h2.H2ConsoleAutoConfiguration    : H2 console available at '/h2'. Database available at 'jdbc:h2:file:./abhi'
2024-01-05T10:10:02.609+05:30  INFO 17644 --- [restartedMain] o.hibernate.jpa.internal.util.LogHelper  : HHH000204: Processing PersistenceUnitInfo [name: default]
2024-01-05T10:10:02.612+05:30  INFO 17644 --- [restartedMain] o.h.c.internal.RegionFactoryInitiator    : HHH000026: Second-level cache disabled
2024-01-05T10:10:02.617+05:30  INFO 17644 --- [restartedMain] o.s.o.j.p.SpringPersistenceUnitInfo      : No LoadTimeWeaver setup: ignoring JPA class transformer
2024-01-05T10:10:02.619+05:30  WARN 17644 --- [restartedMain] org.hibernate.orm.deprecation            : HHH90000025: H2Dialect does not need to be specified explicitly using 'hibernate.dialect' (remove the property setting and it will be selected by default)
2024-01-05T10:10:02.642+05:30  INFO 17644 --- [restartedMain] o.h.e.t.j.p.i.JtaPlatformInitiator       : HHH000489: No JTA platform available (set 'hibernate.transaction.jta.platform' to enable JTA platform integration)
2024-01-05T10:10:02.643+05:30  INFO 17644 --- [restartedMain] j.LocalContainerEntityManagerFactoryBean : Initialized JPA EntityManagerFactory for persistence unit 'default'
2024-01-05T10:10:02.786+05:30  WARN 17644 --- [restartedMain] JpaBaseConfiguration$JpaWebConfiguration : spring.jpa.open-in-view is enabled by default. Therefore, database queries may be performed during view rendering. Explicitly configure spring.jpa.open-in-view to disable this warning
2024-01-05T10:10:02.867+05:30  INFO 17644 --- [restartedMain] o.s.b.d.a.OptionalLiveReloadServer       : LiveReload server is running on port 35729
2024-01-05T10:10:02.883+05:30  INFO 17644 --- [restartedMain] o.s.b.w.embedded.tomcat.TomcatWebServer  : Tomcat started on port 11478 (http) with context path ''
2024-01-05T10:10:02.902+05:30  INFO 17644 --- [restartedMain] com.Airport.AirportApiApplication        : Started AirportApiApplication in 0.978 seconds (process running for 680.438)
2024-01-05T10:10:02.905+05:30  INFO 17644 --- [restartedMain] .ConditionEvaluationDeltaLoggingListener : Condition evaluation unchanged
2024-01-05T10:10:14.339+05:30  INFO 17644 --- [File Watcher] rtingClassPathChangeChangedEventListener : Restarting due to 1 class path change (0 additions, 0 deletions, 1 modification)
2024-01-05T10:10:14.373+05:30  INFO 17644 --- [Thread-28] j.LocalContainerEntityManagerFactoryBean : Closing JPA EntityManagerFactory for persistence unit 'default'
2024-01-05T10:10:14.374+05:30  INFO 17644 --- [Thread-28] com.zaxxer.hikari.HikariDataSource       : HikariPool-7 - Shutdown initiated...
2024-01-05T10:10:14.681+05:30  INFO 17644 --- [Thread-28] com.zaxxer.hikari.HikariDataSource       : HikariPool-7 - Shutdown completed.
2024-01-05T10:10:14.786+05:30  INFO 17644 --- [restartedMain] com.Airport.AirportApiApplication        : Starting AirportApiApplication using Java 17.0.9 with PID 17644 (C:\Users\abhishek_pola\Documents\workspace-spring-tool-suite-4-4.21.0.RELEASE\AirportAPI\target\classes started by abhishek_pola in C:\Users\abhishek_pola\Documents\workspace-spring-tool-suite-4-4.21.0.RELEASE\AirportAPI)
2024-01-05T10:10:14.788+05:30  INFO 17644 --- [restartedMain] com.Airport.AirportApiApplication        : No active profile set, falling back to 1 default profile: "default"
2024-01-05T10:10:15.049+05:30  INFO 17644 --- [restartedMain] .s.d.r.c.RepositoryConfigurationDelegate : Bootstrapping Spring Data JPA repositories in DEFAULT mode.
2024-01-05T10:10:15.063+05:30  INFO 17644 --- [restartedMain] .s.d.r.c.RepositoryConfigurationDelegate : Finished Spring Data repository scanning in 13 ms. Found 1 JPA repository interface.
2024-01-05T10:10:15.151+05:30  INFO 17644 --- [restartedMain] o.s.b.w.embedded.tomcat.TomcatWebServer  : Tomcat initialized with port 11478 (http)
2024-01-05T10:10:15.153+05:30  INFO 17644 --- [restartedMain] o.apache.catalina.core.StandardService   : Starting service [Tomcat]
2024-01-05T10:10:15.153+05:30  INFO 17644 --- [restartedMain] o.apache.catalina.core.StandardEngine    : Starting Servlet engine: [Apache Tomcat/10.1.17]
2024-01-05T10:10:15.193+05:30  INFO 17644 --- [restartedMain] o.a.c.c.C.[Tomcat].[localhost].[/]       : Initializing Spring embedded WebApplicationContext
2024-01-05T10:10:15.194+05:30  INFO 17644 --- [restartedMain] w.s.c.ServletWebServerApplicationContext : Root WebApplicationContext: initialization completed in 403 ms
2024-01-05T10:10:15.213+05:30  INFO 17644 --- [restartedMain] com.zaxxer.hikari.HikariDataSource       : HikariPool-8 - Starting...
2024-01-05T10:10:15.244+05:30  INFO 17644 --- [restartedMain] com.zaxxer.hikari.pool.HikariPool        : HikariPool-8 - Added connection conn73: url=jdbc:h2:file:./abhi user=ABHISHEK
2024-01-05T10:10:15.246+05:30  INFO 17644 --- [restartedMain] com.zaxxer.hikari.HikariDataSource       : HikariPool-8 - Start completed.
2024-01-05T10:10:15.246+05:30  INFO 17644 --- [restartedMain] o.s.b.a.h2.H2ConsoleAutoConfiguration    : H2 console available at '/h2'. Database available at 'jdbc:h2:file:./abhi'
2024-01-05T10:10:15.275+05:30  INFO 17644 --- [restartedMain] o.hibernate.jpa.internal.util.LogHelper  : HHH000204: Processing PersistenceUnitInfo [name: default]
2024-01-05T10:10:15.281+05:30  INFO 17644 --- [restartedMain] o.h.c.internal.RegionFactoryInitiator    : HHH000026: Second-level cache disabled
2024-01-05T10:10:15.286+05:30  INFO 17644 --- [restartedMain] o.s.o.j.p.SpringPersistenceUnitInfo      : No LoadTimeWeaver setup: ignoring JPA class transformer
2024-01-05T10:10:15.287+05:30  WARN 17644 --- [restartedMain] org.hibernate.orm.deprecation            : HHH90000025: H2Dialect does not need to be specified explicitly using 'hibernate.dialect' (remove the property setting and it will be selected by default)
2024-01-05T10:10:15.312+05:30  INFO 17644 --- [restartedMain] o.h.e.t.j.p.i.JtaPlatformInitiator       : HHH000489: No JTA platform available (set 'hibernate.transaction.jta.platform' to enable JTA platform integration)
2024-01-05T10:10:15.314+05:30  INFO 17644 --- [restartedMain] j.LocalContainerEntityManagerFactoryBean : Initialized JPA EntityManagerFactory for persistence unit 'default'
2024-01-05T10:10:15.381+05:30  WARN 17644 --- [restartedMain] JpaBaseConfiguration$JpaWebConfiguration : spring.jpa.open-in-view is enabled by default. Therefore, database queries may be performed during view rendering. Explicitly configure spring.jpa.open-in-view to disable this warning
2024-01-05T10:10:15.605+05:30  INFO 17644 --- [restartedMain] o.s.b.d.a.OptionalLiveReloadServer       : LiveReload server is running on port 35729
2024-01-05T10:10:15.621+05:30  INFO 17644 --- [restartedMain] o.s.b.w.embedded.tomcat.TomcatWebServer  : Tomcat started on port 11478 (http) with context path ''
2024-01-05T10:10:15.646+05:30  INFO 17644 --- [restartedMain] com.Airport.AirportApiApplication        : Started AirportApiApplication in 0.903 seconds (process running for 693.181)
2024-01-05T10:10:15.650+05:30  INFO 17644 --- [restartedMain] .ConditionEvaluationDeltaLoggingListener : Condition evaluation unchanged
2024-01-05T10:10:24.329+05:30  INFO 17644 --- [File Watcher] rtingClassPathChangeChangedEventListener : Restarting due to 1 class path change (0 additions, 0 deletions, 1 modification)
2024-01-05T10:10:24.350+05:30  INFO 17644 --- [Thread-32] j.LocalContainerEntityManagerFactoryBean : Closing JPA EntityManagerFactory for persistence unit 'default'
2024-01-05T10:10:24.350+05:30  INFO 17644 --- [Thread-32] com.zaxxer.hikari.HikariDataSource       : HikariPool-8 - Shutdown initiated...
2024-01-05T10:10:24.591+05:30  INFO 17644 --- [Thread-32] com.zaxxer.hikari.HikariDataSource       : HikariPool-8 - Shutdown completed.
2024-01-05T10:10:24.680+05:30  INFO 17644 --- [restartedMain] com.Airport.AirportApiApplication        : Starting AirportApiApplication using Java 17.0.9 with PID 17644 (C:\Users\abhishek_pola\Documents\workspace-spring-tool-suite-4-4.21.0.RELEASE\AirportAPI\target\classes started by abhishek_pola in C:\Users\abhishek_pola\Documents\workspace-spring-tool-suite-4-4.21.0.RELEASE\AirportAPI)
2024-01-05T10:10:24.680+05:30  INFO 17644 --- [restartedMain] com.Airport.AirportApiApplication        : No active profile set, falling back to 1 default profile: "default"
2024-01-05T10:10:25.053+05:30  INFO 17644 --- [restartedMain] .s.d.r.c.RepositoryConfigurationDelegate : Bootstrapping Spring Data JPA repositories in DEFAULT mode.
2024-01-05T10:10:25.071+05:30  INFO 17644 --- [restartedMain] .s.d.r.c.RepositoryConfigurationDelegate : Finished Spring Data repository scanning in 17 ms. Found 1 JPA repository interface.
2024-01-05T10:10:25.306+05:30  INFO 17644 --- [restartedMain] o.s.b.w.embedded.tomcat.TomcatWebServer  : Tomcat initialized with port 11478 (http)
2024-01-05T10:10:25.308+05:30  INFO 17644 --- [restartedMain] o.apache.catalina.core.StandardService   : Starting service [Tomcat]
2024-01-05T10:10:25.309+05:30  INFO 17644 --- [restartedMain] o.apache.catalina.core.StandardEngine    : Starting Servlet engine: [Apache Tomcat/10.1.17]
2024-01-05T10:10:25.357+05:30  INFO 17644 --- [restartedMain] o.a.c.c.C.[Tomcat].[localhost].[/]       : Initializing Spring embedded WebApplicationContext
2024-01-05T10:10:25.358+05:30  INFO 17644 --- [restartedMain] w.s.c.ServletWebServerApplicationContext : Root WebApplicationContext: initialization completed in 675 ms
2024-01-05T10:10:25.451+05:30  INFO 17644 --- [restartedMain] com.zaxxer.hikari.HikariDataSource       : HikariPool-9 - Starting...
2024-01-05T10:10:25.483+05:30  INFO 17644 --- [restartedMain] com.zaxxer.hikari.pool.HikariPool        : HikariPool-9 - Added connection conn83: url=jdbc:h2:file:./abhi user=ABHISHEK
2024-01-05T10:10:25.484+05:30  INFO 17644 --- [restartedMain] com.zaxxer.hikari.HikariDataSource       : HikariPool-9 - Start completed.
2024-01-05T10:10:25.484+05:30  INFO 17644 --- [restartedMain] o.s.b.a.h2.H2ConsoleAutoConfiguration    : H2 console available at '/h2'. Database available at 'jdbc:h2:file:./abhi'
2024-01-05T10:10:31.853+05:30  INFO 17644 --- [restartedMain] o.hibernate.jpa.internal.util.LogHelper  : HHH000204: Processing PersistenceUnitInfo [name: default]
2024-01-05T10:10:31.857+05:30  INFO 17644 --- [restartedMain] o.h.c.internal.RegionFactoryInitiator    : HHH000026: Second-level cache disabled
2024-01-05T10:10:31.862+05:30  INFO 17644 --- [restartedMain] o.s.o.j.p.SpringPersistenceUnitInfo      : No LoadTimeWeaver setup: ignoring JPA class transformer
2024-01-05T10:10:31.864+05:30  WARN 17644 --- [restartedMain] org.hibernate.orm.deprecation            : HHH90000025: H2Dialect does not need to be specified explicitly using 'hibernate.dialect' (remove the property setting and it will be selected by default)
2024-01-05T10:10:31.891+05:30  INFO 17644 --- [restartedMain] o.h.e.t.j.p.i.JtaPlatformInitiator       : HHH000489: No JTA platform available (set 'hibernate.transaction.jta.platform' to enable JTA platform integration)
2024-01-05T10:10:31.893+05:30  INFO 17644 --- [restartedMain] j.LocalContainerEntityManagerFactoryBean : Initialized JPA EntityManagerFactory for persistence unit 'default'
2024-01-05T10:10:31.955+05:30  WARN 17644 --- [restartedMain] JpaBaseConfiguration$JpaWebConfiguration : spring.jpa.open-in-view is enabled by default. Therefore, database queries may be performed during view rendering. Explicitly configure spring.jpa.open-in-view to disable this warning
2024-01-05T10:10:32.042+05:30  INFO 17644 --- [restartedMain] o.s.b.d.a.OptionalLiveReloadServer       : LiveReload server is running on port 35729
2024-01-05T10:10:32.053+05:30  INFO 17644 --- [restartedMain] o.s.b.w.embedded.tomcat.TomcatWebServer  : Tomcat started on port 11478 (http) with context path ''
2024-01-05T10:10:32.065+05:30  INFO 17644 --- [restartedMain] com.Airport.AirportApiApplication        : Started AirportApiApplication in 7.415 seconds (process running for 709.601)
2024-01-05T10:10:32.067+05:30  INFO 17644 --- [restartedMain] .ConditionEvaluationDeltaLoggingListener : Condition evaluation unchanged
2024-01-05T10:21:19.917+05:30  INFO 17644 --- [File Watcher] rtingClassPathChangeChangedEventListener : Restarting due to 1 class path change (0 additions, 0 deletions, 1 modification)
2024-01-05T10:21:19.939+05:30  INFO 17644 --- [Thread-36] j.LocalContainerEntityManagerFactoryBean : Closing JPA EntityManagerFactory for persistence unit 'default'
2024-01-05T10:21:19.940+05:30  INFO 17644 --- [Thread-36] com.zaxxer.hikari.HikariDataSource       : HikariPool-9 - Shutdown initiated...
2024-01-05T10:21:20.285+05:30  INFO 17644 --- [Thread-36] com.zaxxer.hikari.HikariDataSource       : HikariPool-9 - Shutdown completed.
2024-01-05T10:21:20.388+05:30  INFO 17644 --- [restartedMain] com.Airport.AirportApiApplication        : Starting AirportApiApplication using Java 17.0.9 with PID 17644 (C:\Users\abhishek_pola\Documents\workspace-spring-tool-suite-4-4.21.0.RELEASE\AirportAPI\target\classes started by abhishek_pola in C:\Users\abhishek_pola\Documents\workspace-spring-tool-suite-4-4.21.0.RELEASE\AirportAPI)
2024-01-05T10:21:20.390+05:30  INFO 17644 --- [restartedMain] com.Airport.AirportApiApplication        : No active profile set, falling back to 1 default profile: "default"
2024-01-05T10:21:20.665+05:30  INFO 17644 --- [restartedMain] .s.d.r.c.RepositoryConfigurationDelegate : Bootstrapping Spring Data JPA repositories in DEFAULT mode.
2024-01-05T10:21:20.681+05:30  INFO 17644 --- [restartedMain] .s.d.r.c.RepositoryConfigurationDelegate : Finished Spring Data repository scanning in 15 ms. Found 1 JPA repository interface.
2024-01-05T10:21:20.780+05:30  INFO 17644 --- [restartedMain] o.s.b.w.embedded.tomcat.TomcatWebServer  : Tomcat initialized with port 11478 (http)
2024-01-05T10:21:20.781+05:30  INFO 17644 --- [restartedMain] o.apache.catalina.core.StandardService   : Starting service [Tomcat]
2024-01-05T10:21:20.781+05:30  INFO 17644 --- [restartedMain] o.apache.catalina.core.StandardEngine    : Starting Servlet engine: [Apache Tomcat/10.1.17]
2024-01-05T10:21:20.812+05:30  INFO 17644 --- [restartedMain] o.a.c.c.C.[Tomcat].[localhost].[/]       : Initializing Spring embedded WebApplicationContext
2024-01-05T10:21:20.812+05:30  INFO 17644 --- [restartedMain] w.s.c.ServletWebServerApplicationContext : Root WebApplicationContext: initialization completed in 411 ms
2024-01-05T10:21:20.821+05:30  INFO 17644 --- [restartedMain] com.zaxxer.hikari.HikariDataSource       : HikariPool-10 - Starting...
2024-01-05T10:21:20.840+05:30  INFO 17644 --- [restartedMain] com.zaxxer.hikari.pool.HikariPool        : HikariPool-10 - Added connection conn93: url=jdbc:h2:file:./abhi user=ABHISHEK
2024-01-05T10:21:20.840+05:30  INFO 17644 --- [restartedMain] com.zaxxer.hikari.HikariDataSource       : HikariPool-10 - Start completed.
2024-01-05T10:21:20.840+05:30  INFO 17644 --- [restartedMain] o.s.b.a.h2.H2ConsoleAutoConfiguration    : H2 console available at '/h2'. Database available at 'jdbc:h2:file:./abhi'
2024-01-05T10:21:21.034+05:30  INFO 17644 --- [restartedMain] o.hibernate.jpa.internal.util.LogHelper  : HHH000204: Processing PersistenceUnitInfo [name: default]
2024-01-05T10:21:21.038+05:30  INFO 17644 --- [restartedMain] o.h.c.internal.RegionFactoryInitiator    : HHH000026: Second-level cache disabled
2024-01-05T10:21:21.042+05:30  INFO 17644 --- [restartedMain] o.s.o.j.p.SpringPersistenceUnitInfo      : No LoadTimeWeaver setup: ignoring JPA class transformer
2024-01-05T10:21:21.043+05:30  WARN 17644 --- [restartedMain] org.hibernate.orm.deprecation            : HHH90000025: H2Dialect does not need to be specified explicitly using 'hibernate.dialect' (remove the property setting and it will be selected by default)
2024-01-05T10:21:21.066+05:30  INFO 17644 --- [restartedMain] o.h.e.t.j.p.i.JtaPlatformInitiator       : HHH000489: No JTA platform available (set 'hibernate.transaction.jta.platform' to enable JTA platform integration)
2024-01-05T10:21:21.067+05:30  INFO 17644 --- [restartedMain] j.LocalContainerEntityManagerFactoryBean : Initialized JPA EntityManagerFactory for persistence unit 'default'
2024-01-05T10:21:21.130+05:30  WARN 17644 --- [restartedMain] JpaBaseConfiguration$JpaWebConfiguration : spring.jpa.open-in-view is enabled by default. Therefore, database queries may be performed during view rendering. Explicitly configure spring.jpa.open-in-view to disable this warning
2024-01-05T10:21:21.225+05:30  INFO 17644 --- [restartedMain] o.s.b.d.a.OptionalLiveReloadServer       : LiveReload server is running on port 35729
2024-01-05T10:21:21.236+05:30  INFO 17644 --- [restartedMain] o.s.b.w.embedded.tomcat.TomcatWebServer  : Tomcat started on port 11478 (http) with context path ''
2024-01-05T10:21:21.239+05:30  INFO 17644 --- [restartedMain] com.Airport.AirportApiApplication        : Started AirportApiApplication in 0.89 seconds (process running for 1358.768)
2024-01-05T10:21:21.241+05:30  INFO 17644 --- [restartedMain] .ConditionEvaluationDeltaLoggingListener : Condition evaluation unchanged
2024-01-05T10:22:02.466+05:30  INFO 17644 --- [File Watcher] rtingClassPathChangeChangedEventListener : Restarting due to 1 class path change (0 additions, 0 deletions, 1 modification)
2024-01-05T10:22:02.488+05:30  INFO 17644 --- [Thread-40] j.LocalContainerEntityManagerFactoryBean : Closing JPA EntityManagerFactory for persistence unit 'default'
2024-01-05T10:22:02.489+05:30  INFO 17644 --- [Thread-40] com.zaxxer.hikari.HikariDataSource       : HikariPool-10 - Shutdown initiated...
2024-01-05T10:22:02.753+05:30  INFO 17644 --- [Thread-40] com.zaxxer.hikari.HikariDataSource       : HikariPool-10 - Shutdown completed.
2024-01-05T10:22:02.841+05:30  INFO 17644 --- [restartedMain] com.Airport.AirportApiApplication        : Starting AirportApiApplication using Java 17.0.9 with PID 17644 (C:\Users\abhishek_pola\Documents\workspace-spring-tool-suite-4-4.21.0.RELEASE\AirportAPI\target\classes started by abhishek_pola in C:\Users\abhishek_pola\Documents\workspace-spring-tool-suite-4-4.21.0.RELEASE\AirportAPI)
2024-01-05T10:22:02.842+05:30  INFO 17644 --- [restartedMain] com.Airport.AirportApiApplication        : No active profile set, falling back to 1 default profile: "default"
2024-01-05T10:22:03.112+05:30  INFO 17644 --- [restartedMain] .s.d.r.c.RepositoryConfigurationDelegate : Bootstrapping Spring Data JPA repositories in DEFAULT mode.
2024-01-05T10:22:03.124+05:30  INFO 17644 --- [restartedMain] .s.d.r.c.RepositoryConfigurationDelegate : Finished Spring Data repository scanning in 10 ms. Found 1 JPA repository interface.
2024-01-05T10:22:03.220+05:30  INFO 17644 --- [restartedMain] o.s.b.w.embedded.tomcat.TomcatWebServer  : Tomcat initialized with port 11478 (http)
2024-01-05T10:22:03.223+05:30  INFO 17644 --- [restartedMain] o.apache.catalina.core.StandardService   : Starting service [Tomcat]
2024-01-05T10:22:03.225+05:30  INFO 17644 --- [restartedMain] o.apache.catalina.core.StandardEngine    : Starting Servlet engine: [Apache Tomcat/10.1.17]
2024-01-05T10:22:03.275+05:30  INFO 17644 --- [restartedMain] o.a.c.c.C.[Tomcat].[localhost].[/]       : Initializing Spring embedded WebApplicationContext
2024-01-05T10:22:03.275+05:30  INFO 17644 --- [restartedMain] w.s.c.ServletWebServerApplicationContext : Root WebApplicationContext: initialization completed in 429 ms
2024-01-05T10:22:03.291+05:30  INFO 17644 --- [restartedMain] com.zaxxer.hikari.HikariDataSource       : HikariPool-11 - Starting...
2024-01-05T10:22:03.318+05:30  INFO 17644 --- [restartedMain] com.zaxxer.hikari.pool.HikariPool        : HikariPool-11 - Added connection conn103: url=jdbc:h2:file:./abhi user=ABHISHEK
2024-01-05T10:22:03.319+05:30  INFO 17644 --- [restartedMain] com.zaxxer.hikari.HikariDataSource       : HikariPool-11 - Start completed.
2024-01-05T10:22:03.319+05:30  INFO 17644 --- [restartedMain] o.s.b.a.h2.H2ConsoleAutoConfiguration    : H2 console available at '/h2'. Database available at 'jdbc:h2:file:./abhi'
2024-01-05T10:22:03.569+05:30  INFO 17644 --- [restartedMain] o.hibernate.jpa.internal.util.LogHelper  : HHH000204: Processing PersistenceUnitInfo [name: default]
2024-01-05T10:22:03.574+05:30  INFO 17644 --- [restartedMain] o.h.c.internal.RegionFactoryInitiator    : HHH000026: Second-level cache disabled
2024-01-05T10:22:03.578+05:30  INFO 17644 --- [restartedMain] o.s.o.j.p.SpringPersistenceUnitInfo      : No LoadTimeWeaver setup: ignoring JPA class transformer
2024-01-05T10:22:03.580+05:30  WARN 17644 --- [restartedMain] org.hibernate.orm.deprecation            : HHH90000025: H2Dialect does not need to be specified explicitly using 'hibernate.dialect' (remove the property setting and it will be selected by default)
2024-01-05T10:22:03.605+05:30  INFO 17644 --- [restartedMain] o.h.e.t.j.p.i.JtaPlatformInitiator       : HHH000489: No JTA platform available (set 'hibernate.transaction.jta.platform' to enable JTA platform integration)
2024-01-05T10:22:03.606+05:30  INFO 17644 --- [restartedMain] j.LocalContainerEntityManagerFactoryBean : Initialized JPA EntityManagerFactory for persistence unit 'default'
2024-01-05T10:22:03.675+05:30  WARN 17644 --- [restartedMain] JpaBaseConfiguration$JpaWebConfiguration : spring.jpa.open-in-view is enabled by default. Therefore, database queries may be performed during view rendering. Explicitly configure spring.jpa.open-in-view to disable this warning
2024-01-05T10:22:03.772+05:30  INFO 17644 --- [restartedMain] o.s.b.d.a.OptionalLiveReloadServer       : LiveReload server is running on port 35729
2024-01-05T10:22:03.784+05:30  INFO 17644 --- [restartedMain] o.s.b.w.embedded.tomcat.TomcatWebServer  : Tomcat started on port 11478 (http) with context path ''
2024-01-05T10:22:03.787+05:30  INFO 17644 --- [restartedMain] com.Airport.AirportApiApplication        : Started AirportApiApplication in 0.969 seconds (process running for 1401.317)
2024-01-05T10:22:03.792+05:30  INFO 17644 --- [restartedMain] .ConditionEvaluationDeltaLoggingListener : Condition evaluation unchanged
2024-01-05T10:34:46.776+05:30  INFO 17644 --- [File Watcher] rtingClassPathChangeChangedEventListener : Restarting due to 1 class path change (0 additions, 0 deletions, 1 modification)
2024-01-05T10:34:46.798+05:30  INFO 17644 --- [Thread-44] j.LocalContainerEntityManagerFactoryBean : Closing JPA EntityManagerFactory for persistence unit 'default'
2024-01-05T10:34:46.799+05:30  INFO 17644 --- [Thread-44] com.zaxxer.hikari.HikariDataSource       : HikariPool-11 - Shutdown initiated...
2024-01-05T10:34:47.027+05:30  INFO 17644 --- [Thread-44] com.zaxxer.hikari.HikariDataSource       : HikariPool-11 - Shutdown completed.
2024-01-05T10:34:47.122+05:30  INFO 17644 --- [restartedMain] com.Airport.AirportApiApplication        : Starting AirportApiApplication using Java 17.0.9 with PID 17644 (C:\Users\abhishek_pola\Documents\workspace-spring-tool-suite-4-4.21.0.RELEASE\AirportAPI\target\classes started by abhishek_pola in C:\Users\abhishek_pola\Documents\workspace-spring-tool-suite-4-4.21.0.RELEASE\AirportAPI)
2024-01-05T10:34:47.123+05:30  INFO 17644 --- [restartedMain] com.Airport.AirportApiApplication        : No active profile set, falling back to 1 default profile: "default"
2024-01-05T10:34:47.393+05:30  INFO 17644 --- [restartedMain] .s.d.r.c.RepositoryConfigurationDelegate : Bootstrapping Spring Data JPA repositories in DEFAULT mode.
2024-01-05T10:34:47.409+05:30  INFO 17644 --- [restartedMain] .s.d.r.c.RepositoryConfigurationDelegate : Finished Spring Data repository scanning in 13 ms. Found 1 JPA repository interface.
2024-01-05T10:34:47.565+05:30  INFO 17644 --- [restartedMain] o.s.b.w.embedded.tomcat.TomcatWebServer  : Tomcat initialized with port 11478 (http)
2024-01-05T10:34:47.566+05:30  INFO 17644 --- [restartedMain] o.apache.catalina.core.StandardService   : Starting service [Tomcat]
2024-01-05T10:34:47.570+05:30  INFO 17644 --- [restartedMain] o.apache.catalina.core.StandardEngine    : Starting Servlet engine: [Apache Tomcat/10.1.17]
2024-01-05T10:34:47.651+05:30  INFO 17644 --- [restartedMain] o.a.c.c.C.[Tomcat].[localhost].[/]       : Initializing Spring embedded WebApplicationContext
2024-01-05T10:34:47.655+05:30  INFO 17644 --- [restartedMain] w.s.c.ServletWebServerApplicationContext : Root WebApplicationContext: initialization completed in 506 ms
2024-01-05T10:34:47.670+05:30  INFO 17644 --- [restartedMain] com.zaxxer.hikari.HikariDataSource       : HikariPool-12 - Starting...
2024-01-05T10:34:47.697+05:30  INFO 17644 --- [restartedMain] com.zaxxer.hikari.pool.HikariPool        : HikariPool-12 - Added connection conn113: url=jdbc:h2:file:./abhi user=ABHISHEK
2024-01-05T10:34:47.700+05:30  INFO 17644 --- [restartedMain] com.zaxxer.hikari.HikariDataSource       : HikariPool-12 - Start completed.
2024-01-05T10:34:47.706+05:30  INFO 17644 --- [restartedMain] o.s.b.a.h2.H2ConsoleAutoConfiguration    : H2 console available at '/h2'. Database available at 'jdbc:h2:file:./abhi'
2024-01-05T10:34:47.733+05:30  INFO 17644 --- [restartedMain] o.hibernate.jpa.internal.util.LogHelper  : HHH000204: Processing PersistenceUnitInfo [name: default]
2024-01-05T10:34:47.740+05:30  INFO 17644 --- [restartedMain] o.h.c.internal.RegionFactoryInitiator    : HHH000026: Second-level cache disabled
2024-01-05T10:34:47.745+05:30  INFO 17644 --- [restartedMain] o.s.o.j.p.SpringPersistenceUnitInfo      : No LoadTimeWeaver setup: ignoring JPA class transformer
2024-01-05T10:34:47.747+05:30  WARN 17644 --- [restartedMain] org.hibernate.orm.deprecation            : HHH90000025: H2Dialect does not need to be specified explicitly using 'hibernate.dialect' (remove the property setting and it will be selected by default)
2024-01-05T10:34:47.803+05:30  INFO 17644 --- [restartedMain] o.h.e.t.j.p.i.JtaPlatformInitiator       : HHH000489: No JTA platform available (set 'hibernate.transaction.jta.platform' to enable JTA platform integration)
2024-01-05T10:34:47.806+05:30  INFO 17644 --- [restartedMain] j.LocalContainerEntityManagerFactoryBean : Initialized JPA EntityManagerFactory for persistence unit 'default'
2024-01-05T10:34:47.913+05:30  WARN 17644 --- [restartedMain] JpaBaseConfiguration$JpaWebConfiguration : spring.jpa.open-in-view is enabled by default. Therefore, database queries may be performed during view rendering. Explicitly configure spring.jpa.open-in-view to disable this warning
2024-01-05T10:34:48.045+05:30  INFO 17644 --- [restartedMain] o.s.b.d.a.OptionalLiveReloadServer       : LiveReload server is running on port 35729
2024-01-05T10:34:48.057+05:30  INFO 17644 --- [restartedMain] o.s.b.w.embedded.tomcat.TomcatWebServer  : Tomcat started on port 11478 (http) with context path ''
2024-01-05T10:34:48.060+05:30  INFO 17644 --- [restartedMain] com.Airport.AirportApiApplication        : Started AirportApiApplication in 0.964 seconds (process running for 2165.581)
2024-01-05T10:34:48.061+05:30  INFO 17644 --- [restartedMain] .ConditionEvaluationDeltaLoggingListener : Condition evaluation unchanged
2024-01-05T10:34:53.597+05:30  INFO 17644 --- [File Watcher] rtingClassPathChangeChangedEventListener : Restarting due to 1 class path change (0 additions, 0 deletions, 1 modification)
2024-01-05T10:34:54.121+05:30  INFO 17644 --- [Thread-48] j.LocalContainerEntityManagerFactoryBean : Closing JPA EntityManagerFactory for persistence unit 'default'
2024-01-05T10:34:54.122+05:30  INFO 17644 --- [Thread-48] com.zaxxer.hikari.HikariDataSource       : HikariPool-12 - Shutdown initiated...
2024-01-05T10:34:54.402+05:30  INFO 17644 --- [Thread-48] com.zaxxer.hikari.HikariDataSource       : HikariPool-12 - Shutdown completed.
2024-01-05T10:34:54.494+05:30  INFO 17644 --- [restartedMain] com.Airport.AirportApiApplication        : Starting AirportApiApplication using Java 17.0.9 with PID 17644 (C:\Users\abhishek_pola\Documents\workspace-spring-tool-suite-4-4.21.0.RELEASE\AirportAPI\target\classes started by abhishek_pola in C:\Users\abhishek_pola\Documents\workspace-spring-tool-suite-4-4.21.0.RELEASE\AirportAPI)
2024-01-05T10:34:54.495+05:30  INFO 17644 --- [restartedMain] com.Airport.AirportApiApplication        : No active profile set, falling back to 1 default profile: "default"
2024-01-05T10:34:54.755+05:30  INFO 17644 --- [restartedMain] .s.d.r.c.RepositoryConfigurationDelegate : Bootstrapping Spring Data JPA repositories in DEFAULT mode.
2024-01-05T10:34:54.767+05:30  INFO 17644 --- [restartedMain] .s.d.r.c.RepositoryConfigurationDelegate : Finished Spring Data repository scanning in 11 ms. Found 1 JPA repository interface.
2024-01-05T10:34:54.880+05:30  INFO 17644 --- [restartedMain] o.s.b.w.embedded.tomcat.TomcatWebServer  : Tomcat initialized with port 11478 (http)
2024-01-05T10:34:54.880+05:30  INFO 17644 --- [restartedMain] o.apache.catalina.core.StandardService   : Starting service [Tomcat]
2024-01-05T10:34:54.880+05:30  INFO 17644 --- [restartedMain] o.apache.catalina.core.StandardEngine    : Starting Servlet engine: [Apache Tomcat/10.1.17]
2024-01-05T10:34:54.914+05:30  INFO 17644 --- [restartedMain] o.a.c.c.C.[Tomcat].[localhost].[/]       : Initializing Spring embedded WebApplicationContext
2024-01-05T10:34:54.914+05:30  INFO 17644 --- [restartedMain] w.s.c.ServletWebServerApplicationContext : Root WebApplicationContext: initialization completed in 412 ms
2024-01-05T10:34:54.923+05:30  INFO 17644 --- [restartedMain] com.zaxxer.hikari.HikariDataSource       : HikariPool-13 - Starting...
2024-01-05T10:34:54.950+05:30  INFO 17644 --- [restartedMain] com.zaxxer.hikari.pool.HikariPool        : HikariPool-13 - Added connection conn123: url=jdbc:h2:file:./abhi user=ABHISHEK
2024-01-05T10:34:54.951+05:30  INFO 17644 --- [restartedMain] com.zaxxer.hikari.HikariDataSource       : HikariPool-13 - Start completed.
2024-01-05T10:34:54.951+05:30  INFO 17644 --- [restartedMain] o.s.b.a.h2.H2ConsoleAutoConfiguration    : H2 console available at '/h2'. Database available at 'jdbc:h2:file:./abhi'
2024-01-05T10:34:54.970+05:30  INFO 17644 --- [restartedMain] o.hibernate.jpa.internal.util.LogHelper  : HHH000204: Processing PersistenceUnitInfo [name: default]
2024-01-05T10:34:54.974+05:30  INFO 17644 --- [restartedMain] o.h.c.internal.RegionFactoryInitiator    : HHH000026: Second-level cache disabled
2024-01-05T10:34:54.979+05:30  INFO 17644 --- [restartedMain] o.s.o.j.p.SpringPersistenceUnitInfo      : No LoadTimeWeaver setup: ignoring JPA class transformer
2024-01-05T10:34:54.981+05:30  WARN 17644 --- [restartedMain] org.hibernate.orm.deprecation            : HHH90000025: H2Dialect does not need to be specified explicitly using 'hibernate.dialect' (remove the property setting and it will be selected by default)
2024-01-05T10:34:55.005+05:30  INFO 17644 --- [restartedMain] o.h.e.t.j.p.i.JtaPlatformInitiator       : HHH000489: No JTA platform available (set 'hibernate.transaction.jta.platform' to enable JTA platform integration)
2024-01-05T10:34:55.007+05:30  INFO 17644 --- [restartedMain] j.LocalContainerEntityManagerFactoryBean : Initialized JPA EntityManagerFactory for persistence unit 'default'
2024-01-05T10:34:55.070+05:30  WARN 17644 --- [restartedMain] JpaBaseConfiguration$JpaWebConfiguration : spring.jpa.open-in-view is enabled by default. Therefore, database queries may be performed during view rendering. Explicitly configure spring.jpa.open-in-view to disable this warning
2024-01-05T10:34:55.161+05:30  INFO 17644 --- [restartedMain] o.s.b.d.a.OptionalLiveReloadServer       : LiveReload server is running on port 35729
2024-01-05T10:34:55.171+05:30  INFO 17644 --- [restartedMain] o.s.b.w.embedded.tomcat.TomcatWebServer  : Tomcat started on port 11478 (http) with context path ''
2024-01-05T10:34:55.174+05:30  INFO 17644 --- [restartedMain] com.Airport.AirportApiApplication        : Started AirportApiApplication in 0.707 seconds (process running for 2172.696)
2024-01-05T10:34:55.175+05:30  INFO 17644 --- [restartedMain] .ConditionEvaluationDeltaLoggingListener : Condition evaluation unchanged
